<?xml version="1.0" encoding="UTF-8"?>
<!-- Generated by org.testng.reporters.JUnitXMLReporter -->
<testsuite hostname="LapWinX-DAC51" name="Page Object Model Project" tests="1" failures="0" timestamp="5 Mar 2020 19:29:39 GMT" time="15.361" errors="0">
  <testcase name="@AfterMethod tearDown" time="0.0" classname="Test.FactoryTestDesign">
    <failure type="java.lang.NullPointerException">
      <![CDATA[java.lang.NullPointerException
	at org.openqa.selenium.support.pagefactory.DefaultElementLocator.findElement(DefaultElementLocator.java:69)
	at org.openqa.selenium.support.pagefactory.internal.LocatingElementHandler.invoke(LocatingElementHandler.java:38)
	at com.sun.proxy.$Proxy8.sendKeys(Unknown Source)
	at Test.FactoryTestDesign.tearDown(FactoryTestDesign.java:50)
... Removed 26 stack frames]]>
    </failure>
  </testcase> <!-- @AfterMethod tearDown -->
  <testcase name="homePageTesting" time="0.008" classname="Test.FactoryTestDesign"/>
</testsuite> <!-- Page Object Model Project -->
