<?xml version="1.0" encoding="UTF-8"?>
<!-- Generated by org.testng.reporters.JUnitXMLReporter -->
<testsuite hostname="LapWinX-DAC51" name="Page Object Model Project" tests="1" failures="1" timestamp="5 Mar 2020 18:07:38 GMT" time="0.058" errors="0">
  <testcase name="init" time="0.041" classname="tests.FbLoginTest">
    <failure type="java.lang.NullPointerException">
      <![CDATA[java.lang.NullPointerException
	at org.openqa.selenium.support.pagefactory.DefaultElementLocator.findElement(DefaultElementLocator.java:69)
	at org.openqa.selenium.support.pagefactory.internal.LocatingElementHandler.invoke(LocatingElementHandler.java:38)
	at com.sun.proxy.$Proxy8.sendKeys(Unknown Source)
	at pages.FbLoginPage.setEmail(FbLoginPage.java:25)
	at tests.FbLoginTest.init(FbLoginTest.java:17)
... Removed 24 stack frames]]>
    </failure>
  </testcase> <!-- init -->
</testsuite> <!-- Page Object Model Project -->
